\BOOKMARK [1][-]{section*.2}{\376\377\006\101\006\107\006\061\006\063\006\052\000\040\006\105\006\067\006\047\006\104\006\050}{}% 1
\BOOKMARK [1][-]{section*.3}{\376\377\006\101\006\107\006\061\006\063\006\052\000\040\006\064\006\251\006\104\040\014\006\107\006\047}{}% 2
\BOOKMARK [1][-]{section*.4}{\376\377\006\101\006\107\006\061\006\063\006\052\000\040\006\054\006\057\006\110\006\104\040\014\006\107\006\047}{}% 3
\BOOKMARK [1][-]{section*.5}{\376\377\006\101\006\107\006\061\006\063\006\052\000\040\006\047\006\104\006\257\006\110\006\061\006\314\006\052\006\105\040\014\006\107\006\047}{}% 4
\BOOKMARK [1][-]{section*.7}{\376\377\006\206\006\251\006\314\006\057\006\107}{}% 5
\BOOKMARK [0][-]{chapter.1}{\376\377\000\040\006\176\006\314\006\047\006\057\006\107\000\040\006\063\006\047\006\062\006\314\000\040}{}% 6
\BOOKMARK [1][-]{section.1.1}{\376\377\006\047\006\050\006\062\006\047\006\061\006\107\006\047}{chapter.1}% 7
\BOOKMARK [2][-]{subsection.1.1.1}{\376\377\000\040\000O\000p\000e\000n\000G\000L\000\040}{section.1.1}% 8
\BOOKMARK [2][-]{subsection.1.1.2}{\376\377\000G\000L\000F\000W}{section.1.1}% 9
\BOOKMARK [2][-]{subsection.1.1.3}{\376\377\000G\000L\000A\000D}{section.1.1}% 10
\BOOKMARK [2][-]{subsection.1.1.4}{\376\377\000G\000L\000M}{section.1.1}% 11
\BOOKMARK [2][-]{subsection.1.1.5}{\376\377\000A\000s\000s\000i\000m\000p}{section.1.1}% 12
\BOOKMARK [2][-]{subsection.1.1.6}{\376\377\000s\000t\000b}{section.1.1}% 13
\BOOKMARK [1][-]{section.1.2}{\376\377\006\176\006\314\006\047\006\057\006\107\040\014\006\063\006\047\006\062\006\314\000\040\006\063\006\314\006\063\006\052\006\105\000\040\006\176\006\110\006\314\006\047\006\106\006\105\006\047\006\314\006\314}{chapter.1}% 14
\BOOKMARK [2][-]{subsection.1.2.1}{\376\377\006\106\006\105\006\047\006\314\006\064\000\040\006\105\006\057\006\104\000\040\006\257\006\061\006\047\006\101\006\314\006\251\006\314}{section.1.2}% 15
\BOOKMARK [2][-]{subsection.1.2.2}{\376\377\006\102\006\061\006\047\006\061\006\257\006\314\006\061\006\314\000\040\006\105\006\057\006\104\000\040\006\063\006\107\040\014\006\050\006\071\006\057\006\314\000\040\006\057\006\061\000\040\006\251\006\047\006\061\006\052\000\040\006\257\006\061\006\047\006\101\006\314\006\251}{section.1.2}% 16
\BOOKMARK [2][-]{subsection.1.2.3}{\376\377\006\063\006\047\006\314\006\107\040\014\006\062\006\106\006\314\000\040\006\101\006\110\006\106\006\257}{section.1.2}% 17
\BOOKMARK [3][-]{subsubsection*.9}{\376\377\006\106\006\110\006\061\000\040\006\105\006\055\006\314\006\067\006\314}{subsection.1.2.3}% 18
\BOOKMARK [3][-]{subsubsection*.10}{\376\377\006\106\006\110\006\061\000\040\006\176\006\056\006\064\040\014\006\064\006\057\006\107}{subsection.1.2.3}% 19
\BOOKMARK [3][-]{subsubsection*.11}{\376\377\006\106\006\110\006\061\000\040\006\042\006\314\006\106\006\107\040\014\006\110\006\047\006\061}{subsection.1.2.3}% 20
\BOOKMARK [2][-]{subsection.1.2.4}{\376\377\006\047\006\063\006\251\006\104\006\052\000\040\006\064\006\056\006\065\006\314\006\052}{section.1.2}% 21
\BOOKMARK [2][-]{subsection.1.2.5}{\376\377\006\047\006\052\006\065\006\047\006\104\000\040\006\047\006\063\006\251\006\104\006\052\000\040\006\110\000\040\006\105\006\057\006\104\000\040\006\063\006\107\040\014\006\050\006\071\006\057\006\314}{section.1.2}% 22
\BOOKMARK [2][-]{subsection.1.2.6}{\376\377\006\047\006\106\006\314\006\105\006\314\006\064\006\106}{section.1.2}% 23
\BOOKMARK [2][-]{subsection.1.2.7}{\376\377\006\176\006\056\006\064\040\014\006\251\006\106\006\106\006\057\006\107\040\014\006\314\000\040\006\047\006\106\006\314\006\105\006\314\006\064\006\106}{section.1.2}% 24
\BOOKMARK [2][-]{subsection.1.2.8}{\376\377\006\047\006\104\006\257\006\110\006\061\006\314\006\052\006\105\000\040\006\176\006\056\006\064\040\014\006\251\006\106\006\106\006\057\006\107\040\014\006\314\000\040\006\047\006\106\006\314\006\105\006\314\006\064\006\106\000\040}{section.1.2}% 25
\BOOKMARK [2][-]{subsection.1.2.9}{\376\377\006\105\006\047\006\064\006\314\006\106\000\040\006\055\006\047\006\104\006\052\000\040\006\047\006\106\006\314\006\105\006\314\006\064\006\106}{section.1.2}% 26
\BOOKMARK [2][-]{subsection.1.2.10}{\376\377\006\050\006\107\040\014\006\061\006\110\006\062\006\061\006\063\006\047\006\106\006\314\000\040\006\105\006\047\006\064\006\314\006\106\000\040\006\055\006\047\006\104\006\052\000\040\006\047\006\106\006\314\006\105\006\314\006\064\006\106}{section.1.2}% 27
\BOOKMARK [0][-]{appendix*.16}{\376\377\006\176\006\314\006\110\006\063\006\052\040\014\006\107\006\047}{}% 28
\BOOKMARK [0][-]{appendix*.16}{\376\377\006\105\006\061\006\047\006\054\006\071}{}% 29
